[1224/220843.462:ERROR:directory_reader_win.cc(43)] FindFirstFile: Системе не удается найти указанный путь. (0x3)
[0108/202422.060:ERROR:process_info.cc(359)] UncheckedAllocate
[0108/202422.100:ERROR:filesystem_win.cc(129)] GetFileAttributes C:\Users\72A9~1\AppData\Local\Temp\scoped_dir24764_1742475554\Crashpad\attachments\c5379335-d069-4f04-b828-dd9533fae441: Системе не удается найти указанный путь. (0x3)
[0108/203407.559:ERROR:process_info.cc(359)] UncheckedAllocate
[0108/203407.595:ERROR:filesystem_win.cc(129)] GetFileAttributes C:\Users\72A9~1\AppData\Local\Temp\scoped_dir15736_1683476653\Crashpad\attachments\064c53a1-7904-4831-8620-c01626a5396e: Системе не удается найти указанный путь. (0x3)
[0108/203407.680:ERROR:process_info.cc(359)] UncheckedAllocate
[0108/203507.418:ERROR:process_info.cc(359)] UncheckedAllocate
[0108/203507.481:ERROR:filesystem_win.cc(129)] GetFileAttributes C:\Users\72A9~1\AppData\Local\Temp\scoped_dir26724_466494143\Crashpad\attachments\599ce71e-b4ce-4239-9493-a11d2e7a796f: Системе не удается найти указанный путь. (0x3)
[0108/203927.079:ERROR:process_info.cc(359)] UncheckedAllocate
[0108/203927.128:ERROR:filesystem_win.cc(129)] GetFileAttributes C:\Users\72A9~1\AppData\Local\Temp\scoped_dir8996_1542981624\Crashpad\attachments\f6e440c9-7aad-4aab-a17c-9f28ed66d3b3: Системе не удается найти указанный путь. (0x3)
[0108/204830.716:ERROR:process_reader_win.cc(151)] SuspendThread: Отказано в доступе. (0x5)
[0108/204830.721:ERROR:exception_snapshot_win.cc(99)] thread ID 19412 not found in process
[0108/204831.202:ERROR:filesystem_win.cc(129)] GetFileAttributes C:\Users\72A9~1\AppData\Local\Temp\scoped_dir17536_1256383400\Crashpad\attachments\b0dffe49-5105-4e3f-a196-b42f3d487636: Системе не удается найти указанный путь. (0x3)
[0108/205941.954:ERROR:directory_reader_win.cc(43)] FindFirstFile: Системе не удается найти указанный путь. (0x3)
[0109/001152.933:ERROR:process_info.cc(359)] UncheckedAllocate
[0109/001152.957:ERROR:filesystem_win.cc(129)] GetFileAttributes C:\Users\72A9~1\AppData\Local\Temp\scoped_dir20216_1477309542\Crashpad\attachments\c0c7af8e-135f-4e11-90b4-252a4621e97f: Системе не удается найти указанный путь. (0x3)
[0109/001153.074:ERROR:http_transport_win.cc(276)] WinHttpSendRequest: Операция успешно завершена. (0x0)
[0109/001154.464:ERROR:filesystem_win.cc(148)] DeleteFile C:\Users\72A9~1\AppData\Local\Temp\scoped_dir20216_1477309542\Crashpad\reports\e79db171-cb6b-4e45-acce-f14c4ad7d41f.dmp: Процесс не может получить доступ к файлу, так как этот файл занят другим процессом. (0x20)
[0109/001200.258:ERROR:filesystem_win.cc(129)] GetFileAttributes C:\Users\Р›РёР·Р°\AppData\Local\Google\Chrome\User Data\Crashpad\attachments\afb2e59f-87f0-4e2a-bf60-339e2b145deb: Системе не удается найти указанный путь. (0x3)
[0109/001204.201:ERROR:file_io.cc(135)] WriteFile: Идет закрытие канала. (0xE8)
[0109/153814.392:ERROR:filesystem_win.cc(129)] GetFileAttributes C:\Users\72A9~1\AppData\Local\Temp\scoped_dir11520_200090319\Crashpad\attachments\71425a2f-e46d-43ff-b16e-21180e16c50c: Системе не удается найти указанный путь. (0x3)
[0109/155409.641:ERROR:process_info.cc(359)] UncheckedAllocate
[0109/155409.707:ERROR:filesystem_win.cc(129)] GetFileAttributes C:\Users\72A9~1\AppData\Local\Temp\scoped_dir27828_1675377008\Crashpad\attachments\987324ba-5c33-46cb-aef6-2a701efacddc: Системе не удается найти указанный путь. (0x3)
